<?xml version="1.0" encoding="UTF-8"?>
<!-- Generated by org.testng.reporters.JUnitXMLReporter -->
<testsuite ignored="0" hostname="SivaGanesh" failures="1" tests="1" name="Test" time="4.253" errors="0" timestamp="05 May 2025 17:28:29 GMT">
  <testcase classname="com.example.myproject.AppTest" name="loginTest" time="0.53">
    <failure type="java.lang.AssertionError" message="expected [https://www.flipkar.com/] but found [https://www.flipkart.com/]">
      <![CDATA[java.lang.AssertionError: expected [https://www.flipkar.com/] but found [https://www.flipkart.com/]
at com.example.myproject.AppTest.loginTest(AppTest.java:18)
... Removed 29 stack frames]]>
    </failure>
  </testcase> <!-- loginTest -->
</testsuite> <!-- Test -->
